<?xml version="1.0" encoding="UTF-8"?>
<!-- Generated by org.testng.reporters.JUnitReportReporter -->
<testsuite hostname="DESKTOP-FDGURSQ" failures="0" tests="2" name="QaclickAcademy.RestAPITest" time="0.018" errors="0" timestamp="2021-07-24T10:14:52 IST" skipped="0">
  <testcase classname="QaclickAcademy.RestAPITest" name="PostJira" time="0.005"/>
  <system-out/>
  <testcase classname="QaclickAcademy.RestAPITest" name="DeleteTwitter" time="0.013"/>
  <system-out/>
</testsuite> <!-- QaclickAcademy.RestAPITest -->
