<?xml version="1.0" encoding="UTF-8"?>
<!-- Generated by org.testng.reporters.JUnitReportReporter -->
<testsuite hostname="DESKTOP-FDGURSQ" failures="0" tests="2" name="QaclickAcademy.AppiumTest" time="0.007" errors="0" timestamp="2021-07-22T17:58:47 IST" skipped="0">
  <testcase classname="QaclickAcademy.AppiumTest" name="NativeAppAnroid" time="0.001"/>
  <system-out/>
  <testcase classname="QaclickAcademy.AppiumTest" name="IosApps" time="0.006"/>
  <system-out/>
</testsuite> <!-- QaclickAcademy.AppiumTest -->
