<?xml version="1.0" encoding="UTF-8"?>
<!-- Generated by org.testng.reporters.JUnitReportReporter -->
<testsuite hostname="DESKTOP-FDGURSQ" failures="0" tests="2" name="QaclickAcademy.RestAPITest" time="0.001" errors="0" timestamp="2021-07-22T17:58:47 IST" skipped="0">
  <testcase classname="QaclickAcademy.RestAPITest" name="DeleteTwitter" time="0.000"/>
  <system-out/>
  <testcase classname="QaclickAcademy.RestAPITest" name="PostJira" time="0.001"/>
  <system-out/>
</testsuite> <!-- QaclickAcademy.RestAPITest -->
